results: "Node server starting"
Model exists for: ehaBtfOPDNZjzy1MEvjQmGo4Zv12
Model exists for: hCWCulj7M1aMVyd0Fm0Eqrv8q1Q2
Model exists for: tnK534JMwwfhvUEycn69HPbhqkt2
Error in connection for: ehaBtfOPDNZjzy1MEvjQmGo4Zv12
Error in connection for: hCWCulj7M1aMVyd0Fm0Eqrv8q1Q2
Error in connection for: tnK534JMwwfhvUEycn69HPbhqkt2
Model exists for: ehaBtfOPDNZjzy1MEvjQmGo4Zv12
Predicted for :ehaBtfOPDNZjzy1MEvjQmGo4Zv12 from: 77006 to: 90042 with probability: 1.0 prediction took: 1s
Model exists for: hCWCulj7M1aMVyd0Fm0Eqrv8q1Q2
Predicted for :hCWCulj7M1aMVyd0Fm0Eqrv8q1Q2 from: 81216 to: 80000 with probability: 0.55 prediction took: 0s
Model exists for: hCWCulj7M1aMVyd0Fm0Eqrv8q1Q2
Predicted for :hCWCulj7M1aMVyd0Fm0Eqrv8q1Q2 from: 81216 to: 80000 with probability: 0.55 prediction took: 0s
Model exists for: hCWCulj7M1aMVyd0Fm0Eqrv8q1Q2
Predicted for :hCWCulj7M1aMVyd0Fm0Eqrv8q1Q2 from: 81216 to: 80000 with probability: 0.55 prediction took: 0s
Model exists for: tnK534JMwwfhvUEycn69HPbhqkt2
Predicted for :tnK534JMwwfhvUEycn69HPbhqkt2 from: 81802 to: 80000 with probability: 1.0 prediction took: 0s
Model exists for: ehaBtfOPDNZjzy1MEvjQmGo4Zv12
Predicted for :ehaBtfOPDNZjzy1MEvjQmGo4Zv12 from: 77006 to: 90042 with probability: 1.0 prediction took: 0s
Model exists for: tnK534JMwwfhvUEycn69HPbhqkt2
Predicted for :tnK534JMwwfhvUEycn69HPbhqkt2 from: 81802 to: 80000 with probability: 1.0 prediction took: 0s
Model exists for: hCWCulj7M1aMVyd0Fm0Eqrv8q1Q2
Predicted for :hCWCulj7M1aMVyd0Fm0Eqrv8q1Q2 from: 81216 to: 80000 with probability: 0.54 prediction took: 0s
Model exists for: hCWCulj7M1aMVyd0Fm0Eqrv8q1Q2
Predicted for :hCWCulj7M1aMVyd0Fm0Eqrv8q1Q2 from: 81216 to: 80000 with probability: 0.54 prediction took: 0s
Model exists for: ehaBtfOPDNZjzy1MEvjQmGo4Zv12
Predicted for :ehaBtfOPDNZjzy1MEvjQmGo4Zv12 from: 77006 to: 90042 with probability: 1.0 prediction took: 0s
Model exists for: tnK534JMwwfhvUEycn69HPbhqkt2
Predicted for :tnK534JMwwfhvUEycn69HPbhqkt2 from: 81802 to: 80000 with probability: 1.0 prediction took: 0s
Model exists for: tnK534JMwwfhvUEycn69HPbhqkt2
Predicted for :tnK534JMwwfhvUEycn69HPbhqkt2 from: 81802 to: 80000 with probability: 1.0 prediction took: 0s
Model exists for: tnK534JMwwfhvUEycn69HPbhqkt2
Predicted for :tnK534JMwwfhvUEycn69HPbhqkt2 from: 81802 to: 80000 with probability: 1.0 prediction took: 0s
Model exists for: tnK534JMwwfhvUEycn69HPbhqkt2
Predicted for :tnK534JMwwfhvUEycn69HPbhqkt2 from: 81802 to: 80000 with probability: 1.0 prediction took: 0s
Retraining model for user : tnK534JMwwfhvUEycn69HPbhqkt2
Done training for: tnK534JMwwfhvUEycn69HPbhqkt2
Model exists for: tnK534JMwwfhvUEycn69HPbhqkt2
Predicted for :tnK534JMwwfhvUEycn69HPbhqkt2 from: 81802 to: 80000 with probability: 0.97 prediction took: 0s
Model exists for: tnK534JMwwfhvUEycn69HPbhqkt2
Predicted for :tnK534JMwwfhvUEycn69HPbhqkt2 from: 81802 to: 80000 with probability: 0.97 prediction took: 0s
Model exists for: tnK534JMwwfhvUEycn69HPbhqkt2
Predicted for :tnK534JMwwfhvUEycn69HPbhqkt2 from: 81802 to: 80000 with probability: 0.97 prediction took: 0s
Retraining model for user : tnK534JMwwfhvUEycn69HPbhqkt2
Done training for: tnK534JMwwfhvUEycn69HPbhqkt2
Model exists for: tnK534JMwwfhvUEycn69HPbhqkt2
Predicted for :tnK534JMwwfhvUEycn69HPbhqkt2 from: 81120 to: 80000 with probability: 0.99 prediction took: 0s
Model exists for: tnK534JMwwfhvUEycn69HPbhqkt2
Predicted for :tnK534JMwwfhvUEycn69HPbhqkt2 from: 81120 to: 80000 with probability: 0.97 prediction took: 0s
Model exists for: tnK534JMwwfhvUEycn69HPbhqkt2
Predicted for :tnK534JMwwfhvUEycn69HPbhqkt2 from: 81120 to: 80000 with probability: 0.97 prediction took: 0s
Retraining model for user : tnK534JMwwfhvUEycn69HPbhqkt2
Done training for: tnK534JMwwfhvUEycn69HPbhqkt2
Model exists for: tnK534JMwwfhvUEycn69HPbhqkt2
Predicted for :tnK534JMwwfhvUEycn69HPbhqkt2 from: 81120 to: 80000 with probability: 0.93 prediction took: 0s
Model exists for: tnK534JMwwfhvUEycn69HPbhqkt2
Predicted for :tnK534JMwwfhvUEycn69HPbhqkt2 from: 81120 to: 80000 with probability: 0.93 prediction took: 0s
Model exists for: tnK534JMwwfhvUEycn69HPbhqkt2
Predicted for :tnK534JMwwfhvUEycn69HPbhqkt2 from: 81120 to: 80000 with probability: 0.93 prediction took: 0s
Retraining model for user : tnK534JMwwfhvUEycn69HPbhqkt2
Done training for: tnK534JMwwfhvUEycn69HPbhqkt2
Model exists for: tnK534JMwwfhvUEycn69HPbhqkt2
Predicted for :tnK534JMwwfhvUEycn69HPbhqkt2 from: 81216 to: 80000 with probability: 0.61 prediction took: 0s
Model exists for: tnK534JMwwfhvUEycn69HPbhqkt2
Predicted for :tnK534JMwwfhvUEycn69HPbhqkt2 from: 81216 to: 80000 with probability: 0.61 prediction took: 0s
Model exists for: tnK534JMwwfhvUEycn69HPbhqkt2
Predicted for :tnK534JMwwfhvUEycn69HPbhqkt2 from: 81216 to: 80000 with probability: 0.65 prediction took: 0s
Model exists for: tnK534JMwwfhvUEycn69HPbhqkt2
Predicted for :tnK534JMwwfhvUEycn69HPbhqkt2 from: 81216 to: 80000 with probability: 0.65 prediction took: 0s
Model exists for: tnK534JMwwfhvUEycn69HPbhqkt2
Predicted for :tnK534JMwwfhvUEycn69HPbhqkt2 from: 81216 to: 80000 with probability: 0.65 prediction took: 0s
Model exists for: tnK534JMwwfhvUEycn69HPbhqkt2
Predicted for :tnK534JMwwfhvUEycn69HPbhqkt2 from: 81216 to: 80000 with probability: 0.67 prediction took: 0s
Model exists for: tnK534JMwwfhvUEycn69HPbhqkt2
Predicted for :tnK534JMwwfhvUEycn69HPbhqkt2 from: 81216 to: 80000 with probability: 0.7 prediction took: 0s
Model exists for: tnK534JMwwfhvUEycn69HPbhqkt2
Predicted for :tnK534JMwwfhvUEycn69HPbhqkt2 from: 81216 to: 80000 with probability: 0.72 prediction took: 0s
Retraining model for user : tnK534JMwwfhvUEycn69HPbhqkt2
Done training for: tnK534JMwwfhvUEycn69HPbhqkt2
Model exists for: tnK534JMwwfhvUEycn69HPbhqkt2
Predicted for :tnK534JMwwfhvUEycn69HPbhqkt2 from: 81216 to: 80000 with probability: 1.0 prediction took: 0s
Model exists for: tnK534JMwwfhvUEycn69HPbhqkt2
Predicted for :tnK534JMwwfhvUEycn69HPbhqkt2 from: 81216 to: 80000 with probability: 1.0 prediction took: 0s
Model exists for: tnK534JMwwfhvUEycn69HPbhqkt2
Predicted for :tnK534JMwwfhvUEycn69HPbhqkt2 from: 81216 to: 80000 with probability: 1.0 prediction took: 0s
Model exists for: tnK534JMwwfhvUEycn69HPbhqkt2
Predicted for :tnK534JMwwfhvUEycn69HPbhqkt2 from: 81216 to: 80000 with probability: 1.0 prediction took: 0s
Model exists for: tnK534JMwwfhvUEycn69HPbhqkt2
Predicted for :tnK534JMwwfhvUEycn69HPbhqkt2 from: 81216 to: 80000 with probability: 1.0 prediction took: 0s
Model exists for: tnK534JMwwfhvUEycn69HPbhqkt2
Predicted for :tnK534JMwwfhvUEycn69HPbhqkt2 from: 81216 to: 80000 with probability: 1.0 prediction took: 0s
Model exists for: tnK534JMwwfhvUEycn69HPbhqkt2
Predicted for :tnK534JMwwfhvUEycn69HPbhqkt2 from: 81216 to: 80000 with probability: 1.0 prediction took: 0s
Retraining model for user : tnK534JMwwfhvUEycn69HPbhqkt2
Done training for: tnK534JMwwfhvUEycn69HPbhqkt2
Model exists for: tnK534JMwwfhvUEycn69HPbhqkt2
Predicted for :tnK534JMwwfhvUEycn69HPbhqkt2 from: 81120 to: 80000 with probability: 0.49 prediction took: 0s
Model exists for: tnK534JMwwfhvUEycn69HPbhqkt2
Predicted for :tnK534JMwwfhvUEycn69HPbhqkt2 from: 81120 to: 80000 with probability: 0.49 prediction took: 0s
Model exists for: tnK534JMwwfhvUEycn69HPbhqkt2
Predicted for :tnK534JMwwfhvUEycn69HPbhqkt2 from: 81120 to: 80000 with probability: 0.49 prediction took: 0s
Model exists for: tnK534JMwwfhvUEycn69HPbhqkt2
Predicted for :tnK534JMwwfhvUEycn69HPbhqkt2 from: 81120 to: 80000 with probability: 0.49 prediction took: 0s
Model exists for: tnK534JMwwfhvUEycn69HPbhqkt2
Predicted for :tnK534JMwwfhvUEycn69HPbhqkt2 from: 81120 to: 80000 with probability: 0.47 prediction took: 0s
Model exists for: tnK534JMwwfhvUEycn69HPbhqkt2
Predicted for :tnK534JMwwfhvUEycn69HPbhqkt2 from: 81120 to: 80000 with probability: 0.47 prediction took: 0s
Retraining model for user : tnK534JMwwfhvUEycn69HPbhqkt2
Done training for: tnK534JMwwfhvUEycn69HPbhqkt2
Model exists for: tnK534JMwwfhvUEycn69HPbhqkt2
Predicted for :tnK534JMwwfhvUEycn69HPbhqkt2 from: 81216 to: 80000 with probability: 0.48 prediction took: 0s
Model exists for: tnK534JMwwfhvUEycn69HPbhqkt2
Predicted for :tnK534JMwwfhvUEycn69HPbhqkt2 from: 81216 to: 80000 with probability: 0.48 prediction took: 0s
Model exists for: tnK534JMwwfhvUEycn69HPbhqkt2
Predicted for :tnK534JMwwfhvUEycn69HPbhqkt2 from: 80000 to: 81216 with probability: 0.99 prediction took: 0s
Model exists for: tnK534JMwwfhvUEycn69HPbhqkt2
Predicted for :tnK534JMwwfhvUEycn69HPbhqkt2 from: 80000 to: 81216 with probability: 0.99 prediction took: 0s
Model exists for: tnK534JMwwfhvUEycn69HPbhqkt2
Predicted for :tnK534JMwwfhvUEycn69HPbhqkt2 from: 80000 to: 81216 with probability: 0.9 prediction took: 0s
Model exists for: ehaBtfOPDNZjzy1MEvjQmGo4Zv12
Predicted for :ehaBtfOPDNZjzy1MEvjQmGo4Zv12 from: 77006 to: 90042 with probability: 1.0 prediction took: 0s
Model exists for: ehaBtfOPDNZjzy1MEvjQmGo4Zv12
Predicted for :ehaBtfOPDNZjzy1MEvjQmGo4Zv12 from: 77006 to: 90042 with probability: 1.0 prediction took: 0s
Model exists for: ehaBtfOPDNZjzy1MEvjQmGo4Zv12
Predicted for :ehaBtfOPDNZjzy1MEvjQmGo4Zv12 from: 77006 to: 90042 with probability: 1.0 prediction took: 0s
Model exists for: hCWCulj7M1aMVyd0Fm0Eqrv8q1Q2
Predicted for :hCWCulj7M1aMVyd0Fm0Eqrv8q1Q2 from: 86239 to: 80000 with probability: 0.89 prediction took: 0s
Model exists for: tnK534JMwwfhvUEycn69HPbhqkt2
Predicted for :tnK534JMwwfhvUEycn69HPbhqkt2 from: 80000 to: 81216 with probability: 0.71 prediction took: 0s
Model exists for: hCWCulj7M1aMVyd0Fm0Eqrv8q1Q2
Predicted for :hCWCulj7M1aMVyd0Fm0Eqrv8q1Q2 from: 86239 to: 80000 with probability: 0.89 prediction took: 0s
Model exists for: tnK534JMwwfhvUEycn69HPbhqkt2
Predicted for :tnK534JMwwfhvUEycn69HPbhqkt2 from: 80000 to: 81216 with probability: 0.71 prediction took: 0s
Model exists for: tnK534JMwwfhvUEycn69HPbhqkt2
Predicted for :tnK534JMwwfhvUEycn69HPbhqkt2 from: 80000 to: 81216 with probability: 0.7 prediction took: 0s
Model exists for: hCWCulj7M1aMVyd0Fm0Eqrv8q1Q2
Predicted for :hCWCulj7M1aMVyd0Fm0Eqrv8q1Q2 from: 86239 to: 80000 with probability: 0.89 prediction took: 0s
Model exists for: ehaBtfOPDNZjzy1MEvjQmGo4Zv12
Predicted for :ehaBtfOPDNZjzy1MEvjQmGo4Zv12 from: 77006 to: 90042 with probability: 1.0 prediction took: 0s
Model exists for: hCWCulj7M1aMVyd0Fm0Eqrv8q1Q2
Predicted for :hCWCulj7M1aMVyd0Fm0Eqrv8q1Q2 from: 86239 to: 80000 with probability: 0.89 prediction took: 0s
Retraining model for user : hCWCulj7M1aMVyd0Fm0Eqrv8q1Q2
Done training for: hCWCulj7M1aMVyd0Fm0Eqrv8q1Q2
Model exists for: hCWCulj7M1aMVyd0Fm0Eqrv8q1Q2
Predicted for :hCWCulj7M1aMVyd0Fm0Eqrv8q1Q2 from: 80000 to: 81216 with probability: 0.99 prediction took: 0s
Retraining model for user : ehaBtfOPDNZjzy1MEvjQmGo4Zv12
Done training for: ehaBtfOPDNZjzy1MEvjQmGo4Zv12
Model exists for: ehaBtfOPDNZjzy1MEvjQmGo4Zv12
Predicted for :ehaBtfOPDNZjzy1MEvjQmGo4Zv12 from: 80000 to: 81216 with probability: 1.0 prediction took: 0s
Model exists for: ehaBtfOPDNZjzy1MEvjQmGo4Zv12
Predicted for :ehaBtfOPDNZjzy1MEvjQmGo4Zv12 from: 80000 to: 81216 with probability: 1.0 prediction took: 0s
Model exists for: hCWCulj7M1aMVyd0Fm0Eqrv8q1Q2
Predicted for :hCWCulj7M1aMVyd0Fm0Eqrv8q1Q2 from: 80000 to: 81216 with probability: 0.99 prediction took: 0s
Model exists for: tnK534JMwwfhvUEycn69HPbhqkt2
Predicted for :tnK534JMwwfhvUEycn69HPbhqkt2 from: 80000 to: 81216 with probability: 0.67 prediction took: 0s
Model exists for: ehaBtfOPDNZjzy1MEvjQmGo4Zv12
Predicted for :ehaBtfOPDNZjzy1MEvjQmGo4Zv12 from: 80000 to: 81216 with probability: 1.0 prediction took: 0s
Model exists for: tnK534JMwwfhvUEycn69HPbhqkt2
Predicted for :tnK534JMwwfhvUEycn69HPbhqkt2 from: 80000 to: 81802 with probability: 0.62 prediction took: 0s
Model exists for: tnK534JMwwfhvUEycn69HPbhqkt2
Predicted for :tnK534JMwwfhvUEycn69HPbhqkt2 from: 80000 to: 81802 with probability: 0.63 prediction took: 0s
Model exists for: tnK534JMwwfhvUEycn69HPbhqkt2
Predicted for :tnK534JMwwfhvUEycn69HPbhqkt2 from: 80000 to: 81802 with probability: 0.68 prediction took: 0s
Model exists for: tnK534JMwwfhvUEycn69HPbhqkt2
Predicted for :tnK534JMwwfhvUEycn69HPbhqkt2 from: 80000 to: 81802 with probability: 0.96 prediction took: 0s
Model exists for: tnK534JMwwfhvUEycn69HPbhqkt2
Predicted for :tnK534JMwwfhvUEycn69HPbhqkt2 from: 80000 to: 81802 with probability: 0.96 prediction took: 0s
Model exists for: tnK534JMwwfhvUEycn69HPbhqkt2
Predicted for :tnK534JMwwfhvUEycn69HPbhqkt2 from: 80000 to: 81802 with probability: 0.97 prediction took: 0s
Model exists for: tnK534JMwwfhvUEycn69HPbhqkt2
Predicted for :tnK534JMwwfhvUEycn69HPbhqkt2 from: 80000 to: 81802 with probability: 0.97 prediction took: 0s
